<?xml version="1.0" encoding="UTF-8"?>
<testng-results skipped="0" failed="0" ignored="0" total="1" passed="1">
  <reporter-output>
  </reporter-output>
  <suite name="Default suite" duration-ms="11081" started-at="2020-07-08T17:51:04 IST" finished-at="2020-07-08T17:51:15 IST">
    <groups>
      <group name="cucumber">
        <method signature="AbstractTestNGCucumberTests.runScenario(io.cucumber.testng.PickleWrapper, io.cucumber.testng.FeatureWrapper)[pri:0, instance:cucumber_parser.TestNGRunner@3b088d51]" name="runScenario" class="io.cucumber.testng.AbstractTestNGCucumberTests"/>
      </group> <!-- cucumber -->
    </groups>
    <test name="Default test" duration-ms="11081" started-at="2020-07-08T17:51:04 IST" finished-at="2020-07-08T17:51:15 IST">
      <class name="cucumber_parser.TestNGRunner">
        <test-method status="PASS" signature="setUpClass()[pri:0, instance:cucumber_parser.TestNGRunner@3b088d51]" name="setUpClass" is-config="true" duration-ms="508" started-at="2020-07-08T17:51:04 IST" finished-at="2020-07-08T17:51:05 IST">
          <reporter-output>
          </reporter-output>
        </test-method> <!-- setUpClass -->
        <test-method status="PASS" signature="runScenario(io.cucumber.testng.PickleWrapper, io.cucumber.testng.FeatureWrapper)[pri:0, instance:cucumber_parser.TestNGRunner@3b088d51]" name="runScenario" duration-ms="10487" started-at="2020-07-08T17:51:05 IST" description="Runs Cucumber Scenarios" data-provider="scenarios" finished-at="2020-07-08T17:51:15 IST">
          <params>
            <param index="0">
              <value>
                <![CDATA["Simple login test"]]>
              </value>
            </param>
            <param index="1">
              <value>
                <![CDATA["Optional[Login functionality]"]]>
              </value>
            </param>
          </params>
          <reporter-output>
          </reporter-output>
        </test-method> <!-- runScenario -->
        <test-method status="PASS" signature="tearDownClass()[pri:0, instance:cucumber_parser.TestNGRunner@3b088d51]" name="tearDownClass" is-config="true" duration-ms="10" started-at="2020-07-08T17:51:15 IST" finished-at="2020-07-08T17:51:15 IST">
          <reporter-output>
          </reporter-output>
        </test-method> <!-- tearDownClass -->
      </class> <!-- cucumber_parser.TestNGRunner -->
    </test> <!-- Default test -->
  </suite> <!-- Default suite -->
</testng-results>
